<?xml version="1.0" encoding="UTF-8"?>
<testng-results skipped="0" failed="0" ignored="1" total="2" passed="1">
  <reporter-output>
  </reporter-output>
  <suite name="Default suite" duration-ms="50" started-at="2019-07-24T16:11:15Z" finished-at="2019-07-24T16:11:15Z">
    <groups>
      <group name="services">
        <method signature="TestNg.testService()[pri:0, instance:com.revature.testing.TestNg@3f49dace]" name="testService" class="com.revature.testing.TestNg"/>
      </group> <!-- services -->
      <group name="repository">
        <method signature="TestNg.testService()[pri:0, instance:com.revature.testing.TestNg@3f49dace]" name="testService" class="com.revature.testing.TestNg"/>
      </group> <!-- repository -->
    </groups>
    <test name="Default test" duration-ms="50" started-at="2019-07-24T16:11:15Z" finished-at="2019-07-24T16:11:15Z">
      <class name="com.revature.testing.TestNg">
        <test-method status="PASS" signature="beforeSuite()[pri:0, instance:com.revature.testing.TestNg@3f49dace]" name="beforeSuite" is-config="true" duration-ms="16" started-at="2019-07-24T16:11:15Z" finished-at="2019-07-24T16:11:15Z">
          <reporter-output>
          </reporter-output>
        </test-method> <!-- beforeSuite -->
        <test-method status="PASS" signature="beforeClass()[pri:0, instance:com.revature.testing.TestNg@3f49dace]" name="beforeClass" is-config="true" duration-ms="0" started-at="2019-07-24T16:11:15Z" finished-at="2019-07-24T16:11:15Z">
          <reporter-output>
          </reporter-output>
        </test-method> <!-- beforeClass -->
        <test-method status="PASS" signature="testService()[pri:0, instance:com.revature.testing.TestNg@3f49dace]" name="testService" duration-ms="8" started-at="2019-07-24T16:11:15Z" finished-at="2019-07-24T16:11:15Z">
          <reporter-output>
          </reporter-output>
        </test-method> <!-- testService -->
        <test-method status="PASS" signature="beforeMethod()[pri:0, instance:com.revature.testing.TestNg@3f49dace]" name="beforeMethod" is-config="true" duration-ms="0" started-at="2019-07-24T16:11:15Z" finished-at="2019-07-24T16:11:15Z">
          <reporter-output>
          </reporter-output>
        </test-method> <!-- beforeMethod -->
        <test-method status="PASS" signature="afterMethod()[pri:0, instance:com.revature.testing.TestNg@3f49dace]" name="afterMethod" is-config="true" duration-ms="1" started-at="2019-07-24T16:11:15Z" finished-at="2019-07-24T16:11:15Z">
          <reporter-output>
          </reporter-output>
        </test-method> <!-- afterMethod -->
        <test-method status="PASS" signature="afterClass()[pri:0, instance:com.revature.testing.TestNg@3f49dace]" name="afterClass" is-config="true" duration-ms="1" started-at="2019-07-24T16:11:15Z" finished-at="2019-07-24T16:11:15Z">
          <reporter-output>
          </reporter-output>
        </test-method> <!-- afterClass -->
        <test-method status="PASS" signature="afterSuite()[pri:0, instance:com.revature.testing.TestNg@3f49dace]" name="afterSuite" is-config="true" duration-ms="0" started-at="2019-07-24T16:11:15Z" finished-at="2019-07-24T16:11:15Z">
          <reporter-output>
          </reporter-output>
        </test-method> <!-- afterSuite -->
      </class> <!-- com.revature.testing.TestNg -->
    </test> <!-- Default test -->
  </suite> <!-- Default suite -->
</testng-results>
